Build started 27/11/2016 6:48:59 PM.
     1>Project "C:\Users\Shania\Desktop\School\AI\Assignment 1 GitHub\Common\Common.vcxproj" on node 2 (Build target(s)).
     1>ClCompile:
         C:\Program Files (x86)\Microsoft Visual Studio 12.0\VC\bin\CL.exe /c /Zi /nologo /W3 /WX- /O2 /Oi /Oy- /GL /D _VARIADIC_MAX=10 /D WIN32 /D NDEBUG /D _LIB /D _UNICODE /D UNICODE /Gm- /EHsc /MD /GS /Gy /fp:precise /Zc:wchar_t /Zc:forScope /Fo"Release\\" /Fd"Release\vc120.pdb" /Gd /TP /analyze- /errorReport:prompt Source\MathUtility.cpp Source\MatrixStack.cpp Source\Mtx44.cpp Source\timer.cpp Source\Vector2.cpp Source\Vector3.cpp
         MathUtility.cpp
         MatrixStack.cpp
         Mtx44.cpp
         timer.cpp
         Vector2.cpp
         Vector3.cpp
       Lib:
         C:\Program Files (x86)\Microsoft Visual Studio 12.0\VC\bin\Lib.exe /OUT:"C:\Users\Shania\Desktop\School\AI\Assignment 1 GitHub\Release\Common.lib" /NOLOGO /LTCG Release\MathUtility.obj
         Release\MatrixStack.obj
         Release\Mtx44.obj
         Release\timer.obj
         Release\Vector2.obj
         Release\Vector3.obj
         Common.vcxproj -> C:\Users\Shania\Desktop\School\AI\Assignment 1 GitHub\Release\Common.lib
     1>Done Building Project "C:\Users\Shania\Desktop\School\AI\Assignment 1 GitHub\Common\Common.vcxproj" (Build target(s)).

Build succeeded.

Time Elapsed 00:00:01.98
